{"total": {"lines":{"total":511,"covered":422,"skipped":0,"pct":82.58},"statements":{"total":511,"covered":422,"skipped":0,"pct":82.58},"functions":{"total":46,"covered":40,"skipped":0,"pct":86.95},"branches":{"total":92,"covered":85,"skipped":0,"pct":92.39},"branchesTrue":{"total":0,"covered":0,"skipped":0,"pct":100}}
,"/Users/classting/github/front_2nd/packages/assignment-6/src/App.tsx": {"lines":{"total":74,"covered":0,"skipped":0,"pct":0},"functions":{"total":1,"covered":0,"skipped":0,"pct":0},"statements":{"total":74,"covered":0,"skipped":0,"pct":0},"branches":{"total":1,"covered":0,"skipped":0,"pct":0}}
,"/Users/classting/github/front_2nd/packages/assignment-6/src/forLintError.ts": {"lines":{"total":3,"covered":0,"skipped":0,"pct":0},"functions":{"total":1,"covered":0,"skipped":0,"pct":0},"statements":{"total":3,"covered":0,"skipped":0,"pct":0},"branches":{"total":1,"covered":0,"skipped":0,"pct":0}}
,"/Users/classting/github/front_2nd/packages/assignment-6/src/main.tsx": {"lines":{"total":7,"covered":0,"skipped":0,"pct":0},"functions":{"total":1,"covered":0,"skipped":0,"pct":0},"statements":{"total":7,"covered":0,"skipped":0,"pct":0},"branches":{"total":1,"covered":0,"skipped":0,"pct":0}}
,"/Users/classting/github/front_2nd/packages/assignment-6/src/types.ts": {"lines":{"total":1,"covered":0,"skipped":0,"pct":0},"functions":{"total":1,"covered":1,"skipped":0,"pct":100},"statements":{"total":1,"covered":0,"skipped":0,"pct":0},"branches":{"total":1,"covered":1,"skipped":0,"pct":100}}
,"/Users/classting/github/front_2nd/packages/assignment-6/src/components/AdminPage.tsx": {"lines":{"total":259,"covered":258,"skipped":0,"pct":99.61},"functions":{"total":28,"covered":28,"skipped":0,"pct":100},"statements":{"total":259,"covered":258,"skipped":0,"pct":99.61},"branches":{"total":40,"covered":39,"skipped":0,"pct":97.5}}
,"/Users/classting/github/front_2nd/packages/assignment-6/src/components/CartPage.tsx": {"lines":{"total":167,"covered":164,"skipped":0,"pct":98.2},"functions":{"total":14,"covered":11,"skipped":0,"pct":78.57},"statements":{"total":167,"covered":164,"skipped":0,"pct":98.2},"branches":{"total":48,"covered":45,"skipped":0,"pct":93.75}}
}
